<?xml version="1.0" encoding="UTF-8"?>
<!-- Generated by org.testng.reporters.JUnitReportReporter -->
<testsuite hostname="mattibharath" failures="0" tests="1" name="com.comcast.hsm.AdminLogin.TestingPurpose" time="2.637" errors="0" timestamp="17 Jun 2024 12:02:23 GMT" skipped="0">
  <testcase classname="com.comcast.hsm.AdminLogin.TestingPurpose" name="Practice" time="2.637"/>
</testsuite> <!-- com.comcast.hsm.AdminLogin.TestingPurpose -->
