<?xml version="1.0" encoding="UTF-8"?>
<!-- Generated by org.testng.reporters.JUnitReportReporter -->
<testsuite hostname="ADITYA" failures="0" tests="1" name="com.providence.hms.AdminTest.MakeUsertoPatientTest" time="11.898" errors="0" timestamp="18 Jun 2024 05:18:38 GMT" skipped="0">
  <testcase classname="com.providence.hms.AdminTest.MakeUsertoPatientTest" name="makeUserToPatient" time="11.898"/>
</testsuite> <!-- com.providence.hms.AdminTest.MakeUsertoPatientTest -->
