<?xml version="1.0" encoding="UTF-8"?>
<!-- Generated by org.testng.reporters.JUnitReportReporter -->
<testsuite hostname="mattibharath" failures="0" tests="1" name="com.comcast.hsm.integration.CreatingSplWithPatient" time="9.961" errors="0" timestamp="18 Jun 2024 13:22:33 GMT" skipped="0">
  <testcase classname="com.comcast.hsm.integration.CreatingSplWithPatient" name="creating_Spl_WithPatient_Test" time="9.961"/>
</testsuite> <!-- com.comcast.hsm.integration.CreatingSplWithPatient -->
