<?xml version="1.0" encoding="UTF-8"?>
<!-- Generated by org.testng.reporters.JUnitReportReporter -->
<testsuite hostname="mattibharath" failures="0" tests="1" name="com.comcast.hsm.AdminLogin.UpdatingTheDoctorTest" time="2.582" errors="0" timestamp="19 Jun 2024 07:12:09 GMT" skipped="0">
  <testcase classname="com.comcast.hsm.AdminLogin.UpdatingTheDoctorTest" name="updating_TheDoctor_Test" time="2.582"/>
</testsuite> <!-- com.comcast.hsm.AdminLogin.UpdatingTheDoctorTest -->
