<?xml version="1.0" encoding="UTF-8"?>
<!-- Generated by org.testng.reporters.JUnitReportReporter -->
<testsuite hostname="mattibharath" failures="0" tests="1" name="com.comcast.hsm.integration.CreatingDoctorWithNewSpecializationTest" time="4.226" errors="0" timestamp="19 Jun 2024 07:12:09 GMT" skipped="0">
  <testcase classname="com.comcast.hsm.integration.CreatingDoctorWithNewSpecializationTest" name="creating_Dcotor_With_New_Specialization_Test" time="4.226"/>
</testsuite> <!-- com.comcast.hsm.integration.CreatingDoctorWithNewSpecializationTest -->
