<?xml version="1.0" encoding="UTF-8"?>
<!-- Generated by org.testng.reporters.JUnitReportReporter -->
<testsuite hostname="ADITYA" failures="0" tests="1" name="com.providence.hms.AdminTest.DeleteUserTest" time="15.172" errors="0" timestamp="17 Jun 2024 12:10:42 GMT" skipped="0">
  <testcase classname="com.providence.hms.AdminTest.DeleteUserTest" name="mai" time="15.172"/>
</testsuite> <!-- com.providence.hms.AdminTest.DeleteUserTest -->
