<?xml version="1.0" encoding="UTF-8"?>
<!-- Generated by org.testng.reporters.JUnitReportReporter -->
<testsuite hostname="mattibharath" failures="0" tests="2" name="CreatingNewDoctor" time="18.110" errors="0" timestamp="17 Jun 2024 15:25:56 GMT" skipped="0">
  <testcase classname="CreatingNewDoctor" name="updatingTheDoctor" time="14.581"/>
  <testcase classname="CreatingNewDoctor" name="creatingaNewDcotor" time="3.529"/>
</testsuite> <!-- CreatingNewDoctor -->
